<?xml version="1.0" encoding="utf-8"?>
<coverage line-rate="0.8571" branch-rate="0.7815000000000001" version="1.9" timestamp="1790092843" lines-covered="2022" lines-valid="2359" branches-covered="372" branches-valid="476">
  <sources>
    <source>C:\Drive_Self\Projects\Native_Arch_Claude\</source>
  </sources>
  <packages>
    <package name="StoreOps.Api" line-rate="0.8963" branch-rate="0.8244" complexity="663">
      <classes>
        <class name="Program/&lt;&lt;Main&gt;$&gt;d__0" filename="src\StoreOps.Api\Program.cs" line-rate="0.7142000000000001" branch-rate="0.5" complexity="4">
          <methods>
            <method name="MoveNext" signature="()" line-rate="0.7142000000000001" branch-rate="0.5" complexity="4">
              <lines>
                <line number="14" hits="14" branch="False" />
                <line number="19" hits="14" branch="False" />
                <line number="20" hits="14" branch="False" />
                <line number="21" hits="14" branch="False" />
                <line number="26" hits="14" branch="False" />
                <line number="27" hits="14" branch="False" />
                <line number="28" hits="14" branch="False" />
                <line number="29" hits="14" branch="False" />
                <line number="30" hits="14" branch="False" />
                <line number="32" hits="14" branch="False" />
                <line number="33" hits="14" branch="False" />
                <line number="34" hits="14" branch="False" />
                <line number="35" hits="14" branch="False" />
                <line number="36" hits="14" branch="False" />
                <line number="37" hits="14" branch="False" />
                <line number="38" hits="14" branch="False" />
                <line number="39" hits="14" branch="False" />
                <line number="40" hits="28" branch="False" />
                <line number="44" hits="14" branch="False" />
                <line number="45" hits="14" branch="False" />
                <line number="46" hits="14" branch="False" />
                <line number="47" hits="4" branch="False" />
                <line number="48" hits="4" branch="False" />
                <line number="49" hits="5" branch="True" condition-coverage="50% (1/2)">
                  <conditions>
                    <condition number="8" type="jump" coverage="50%" />
                  </conditions>
                </line>
                <line number="50" hits="4" branch="False" />
                <line number="51" hits="5" branch="False" />
                <line number="52" hits="12" branch="False" />
                <line number="53" hits="4" branch="False" />
                <line number="54" hits="14" branch="False" />
                <line number="55" hits="4" branch="False" />
                <line number="56" hits="14" branch="False" />
                <line number="57" hits="28" branch="False" />
                <line number="59" hits="14" branch="False" />
                <line number="60" hits="14" branch="False" />
                <line number="61" hits="0" branch="False" />
                <line number="62" hits="14" branch="False" />
                <line number="63" hits="14" branch="False" />
                <line number="64" hits="14" branch="False" />
                <line number="65" hits="14" branch="False" />
                <line number="66" hits="14" branch="False" />
                <line number="67" hits="0" branch="False" />
                <line number="68" hits="0" branch="False" />
                <line number="69" hits="0" branch="False" />
                <line number="70" hits="0" branch="False" />
                <line number="71" hits="0" branch="False" />
                <line number="72" hits="0" branch="False" />
                <line number="73" hits="0" branch="False" />
                <line number="74" hits="0" branch="False" />
                <line number="75" hits="0" branch="False" />
                <line number="76" hits="0" branch="False" />
                <line number="77" hits="0" branch="False" />
                <line number="78" hits="0" branch="False" />
                <line number="79" hits="0" branch="False" />
                <line number="80" hits="14" branch="False" />
                <line number="81" hits="0" branch="False" />
                <line number="82" hits="0" branch="False" />
                <line number="83" hits="14" branch="False" />
                <line number="85" hits="14" branch="False" />
                <line number="92" hits="14" branch="False" />
                <line number="93" hits="14" branch="False" />
                <line number="95" hits="14" branch="True" condition-coverage="50% (1/2)">
                  <conditions>
                    <condition number="458" type="jump" coverage="50%" />
                  </conditions>
                </line>
                <line number="96" hits="0" branch="False" />
                <line number="97" hits="0" branch="False" />
                <line number="98" hits="0" branch="False" />
                <line number="99" hits="0" branch="False" />
                <line number="101" hits="15" branch="False" />
                <line number="102" hits="14" branch="False" />
                <line number="103" hits="14" branch="False" />
                <line number="105" hits="14" branch="False" />
                <line number="107" hits="14" branch="False" />
              </lines>
            </method>
          </methods>
          <lines>
            <line number="14" hits="14" branch="False" />
            <line number="19" hits="14" branch="False" />
            <line number="20" hits="14" branch="False" />
            <line number="21" hits="14" branch="False" />
            <line number="26" hits="14" branch="False" />
            <line number="27" hits="14" branch="False" />
            <line number="28" hits="14" branch="False" />
            <line number="29" hits="14" branch="False" />
            <line number="30" hits="14" branch="False" />
            <line number="32" hits="14" branch="False" />
            <line number="33" hits="14" branch="False" />
            <line number="34" hits="14" branch="False" />
            <line number="35" hits="14" branch="False" />
            <line number="36" hits="14" branch="False" />
            <line number="37" hits="14" branch="False" />
            <line number="38" hits="14" branch="False" />
            <line number="39" hits="14" branch="False" />
            <line number="40" hits="28" branch="False" />
            <line number="44" hits="14" branch="False" />
            <line number="45" hits="14" branch="False" />
            <line number="46" hits="14" branch="False" />
            <line number="47" hits="4" branch="False" />
            <line number="48" hits="4" branch="False" />
            <line number="49" hits="5" branch="True" condition-coverage="50% (1/2)">
              <conditions>
                <condition number="8" type="jump" coverage="50%" />
              </conditions>
            </line>
            <line number="50" hits="4" branch="False" />
            <line number="51" hits="5" branch="False" />
            <line number="52" hits="12" branch="False" />
            <line number="53" hits="4" branch="False" />
            <line number="54" hits="14" branch="False" />
            <line number="55" hits="4" branch="False" />
            <line number="56" hits="14" branch="False" />
            <line number="57" hits="28" branch="False" />
            <line number="59" hits="14" branch="False" />
            <line number="60" hits="14" branch="False" />
            <line number="61" hits="0" branch="False" />
            <line number="62" hits="14" branch="False" />
            <line number="63" hits="14" branch="False" />
            <line number="64" hits="14" branch="False" />
            <line number="65" hits="14" branch="False" />
            <line number="66" hits="14" branch="False" />
            <line number="67" hits="0" branch="False" />
            <line number="68" hits="0" branch="False" />
            <line number="69" hits="0" branch="False" />
            <line number="70" hits="0" branch="False" />
            <line number="71" hits="0" branch="False" />
            <line number="72" hits="0" branch="False" />
            <line number="73" hits="0" branch="False" />
            <line number="74" hits="0" branch="False" />
            <line number="75" hits="0" branch="False" />
            <line number="76" hits="0" branch="False" />
            <line number="77" hits="0" branch="False" />
            <line number="78" hits="0" branch="False" />
            <line number="79" hits="0" branch="False" />
            <line number="80" hits="14" branch="False" />
            <line number="81" hits="0" branch="False" />
            <line number="82" hits="0" branch="False" />
            <line number="83" hits="14" branch="False" />
            <line number="85" hits="14" branch="False" />
            <line number="92" hits="14" branch="False" />
            <line number="93" hits="14" branch="False" />
            <line number="95" hits="14" branch="True" condition-coverage="50% (1/2)">
              <conditions>
                <condition number="458" type="jump" coverage="50%" />
              </conditions>
            </line>
            <line number="96" hits="0" branch="False" />
            <line number="97" hits="0" branch="False" />
            <line number="98" hits="0" branch="False" />
            <line number="99" hits="0" branch="False" />
            <line number="101" hits="15" branch="False" />
            <line number="102" hits="14" branch="False" />
            <line number="103" hits="14" branch="False" />
            <line number="105" hits="14" branch="False" />
            <line number="107" hits="14" branch="False" />
          </lines>
        </class>
        <class name="StoreOps.Api.Shared.Time.SystemClock" filename="src\StoreOps.Api\Shared\Time\IClock.cs" line-rate="0" branch-rate="1" complexity="1">
          <methods>
            <method name="get_UtcNow" signature="()" line-rate="0" branch-rate="1" complexity="1">
              <lines>
                <line number="19" hits="0" branch="False" />
              </lines>
            </method>
          </methods>
          <lines>
            <line number="19" hits="0" branch="False" />
          </lines>
        </class>
        <class name="StoreOps.Api.Shared.Events.ActivityCreatedEvent" filename="src\StoreOps.Api\Shared\Events\Contracts.cs" line-rate="0.4" branch-rate="1" complexity="10">
          <methods>
            <method name="get_ActivityId" signature="()" line-rate="0" branch-rate="1" complexity="1">
              <lines>
                <line number="14" hits="0" branch="False" />
              </lines>
            </method>
            <method name="get_StoreId" signature="()" line-rate="0" branch-rate="1" complexity="1">
              <lines>
                <line number="15" hits="0" branch="False" />
              </lines>
            </method>
            <method name="get_ProgrammeId" signature="()" line-rate="0" branch-rate="1" complexity="1">
              <lines>
                <line number="16" hits="0" branch="False" />
              </lines>
            </method>
            <method name="get_Priority" signature="()" line-rate="0" branch-rate="1" complexity="1">
              <lines>
                <line number="17" hits="0" branch="False" />
              </lines>
            </method>
            <method name="get_Category" signature="()" line-rate="0" branch-rate="1" complexity="1">
              <lines>
                <line number="18" hits="0" branch="False" />
              </lines>
            </method>
            <method name="get_AssigneeId" signature="()" line-rate="0" branch-rate="1" complexity="1">
              <lines>
                <line number="19" hits="0" branch="False" />
              </lines>
            </method>
            <method name="get_CreatedByStaffId" signature="()" line-rate="1" branch-rate="1" complexity="1">
              <lines>
                <line number="20" hits="33" branch="False" />
              </lines>
            </method>
            <method name="get_Name" signature="()" line-rate="1" branch-rate="1" complexity="1">
              <lines>
                <line number="22" hits="33" branch="False" />
              </lines>
            </method>
            <method name="get_SourceModule" signature="()" line-rate="1" branch-rate="1" complexity="1">
              <lines>
                <line number="24" hits="33" branch="False" />
              </lines>
            </method>
            <method name=".ctor" signature="(System.String,System.String,System.String,System.String,System.String,System.String,System.String)" line-rate="1" branch-rate="1" complexity="1">
              <lines>
                <line number="13" hits="33" branch="False" />
              </lines>
            </method>
          </methods>
          <lines>
            <line number="14" hits="0" branch="False" />
            <line number="15" hits="0" branch="False" />
            <line number="16" hits="0" branch="False" />
            <line number="17" hits="0" branch="False" />
            <line number="18" hits="0" branch="False" />
            <line number="19" hits="0" branch="False" />
            <line number="20" hits="33" branch="False" />
            <line number="22" hits="33" branch="False" />
            <line number="24" hits="33" branch="False" />
            <line number="13" hits="33" branch="False" />
          </lines>
        </class>
        <class name="StoreOps.Api.Shared.Events.ActivityStatusChangedEvent" filename="src\StoreOps.Api\Shared\Events\Contracts.cs" line-rate="0.5" branch-rate="1" complexity="12">
          <methods>
            <method name="get_ActivityId" signature="()" line-rate="1" branch-rate="1" complexity="1">
              <lines>
                <line number="29" hits="9" branch="False" />
              </lines>
            </method>
            <method name="get_StoreId" signature="()" line-rate="0" branch-rate="1" complexity="1">
              <lines>
                <line number="30" hits="0" branch="False" />
              </lines>
            </method>
            <method name="get_FromStatus" signature="()" line-rate="0" branch-rate="1" complexity="1">
              <lines>
                <line number="31" hits="0" branch="False" />
              </lines>
            </method>
            <method name="get_ToStatus" signature="()" line-rate="1" branch-rate="1" complexity="1">
              <lines>
                <line number="32" hits="13" branch="False" />
              </lines>
            </method>
            <method name="get_Priority" signature="()" line-rate="0" branch-rate="1" complexity="1">
              <lines>
                <line number="33" hits="0" branch="False" />
              </lines>
            </method>
            <method name="get_Category" signature="()" line-rate="0" branch-rate="1" complexity="1">
              <lines>
                <line number="34" hits="0" branch="False" />
              </lines>
            </method>
            <method name="get_AssigneeId" signature="()" line-rate="0" branch-rate="1" complexity="1">
              <lines>
                <line number="35" hits="0" branch="False" />
              </lines>
            </method>
            <method name="get_ChangedByStaffId" signature="()" line-rate="0" branch-rate="1" complexity="1">
              <lines>
                <line number="36" hits="0" branch="False" />
              </lines>
            </method>
            <method name="get_Reason" signature="()" line-rate="1" branch-rate="1" complexity="1">
              <lines>
                <line number="37" hits="20" branch="False" />
              </lines>
            </method>
            <method name="get_Name" signature="()" line-rate="1" branch-rate="1" complexity="1">
              <lines>
                <line number="39" hits="17" branch="False" />
              </lines>
            </method>
            <method name="get_SourceModule" signature="()" line-rate="1" branch-rate="1" complexity="1">
              <lines>
                <line number="41" hits="4" branch="False" />
              </lines>
            </method>
            <method name=".ctor" signature="(System.String,System.String,System.String,System.String,System.String,System.String,System.String,System.String,System.String)" line-rate="1" branch-rate="1" complexity="1">
              <lines>
                <line number="28" hits="20" branch="False" />
              </lines>
            </method>
          </methods>
          <lines>
            <line number="29" hits="9" branch="False" />
            <line number="30" hits="0" branch="False" />
            <line number="31" hits="0" branch="False" />
            <line number="32" hits="13" branch="False" />
            <line number="33" hits="0" branch="False" />
            <line number="34" hits="0" branch="False" />
            <line number="35" hits="0" branch="False" />
            <line number="36" hits="0" branch="False" />
            <line number="37" hits="20" branch="False" />
            <line number="39" hits="17" branch="False" />
            <line number="41" hits="4" branch="False" />
            <line number="28" hits="20" branch="False" />
          </lines>
        </class>
        <class name="StoreOps.Api.Shared.Events.ActivitySlaBreachedEvent" filename="src\StoreOps.Api\Shared\Events\Contracts.cs" line-rate="0.7777" branch-rate="1" complexity="9">
          <methods>
            <method name="get_ActivityId" signature="()" line-rate="1" branch-rate="1" complexity="1">
              <lines>
                <line number="49" hits="25" branch="False" />
              </lines>
            </method>
            <method name="get_StoreId" signature="()" line-rate="1" branch-rate="1" complexity="1">
              <lines>
                <line number="50" hits="10" branch="False" />
              </lines>
            </method>
            <method name="get_Priority" signature="()" line-rate="1" branch-rate="1" complexity="1">
              <lines>
                <line number="51" hits="5" branch="False" />
              </lines>
            </method>
            <method name="get_AssigneeStaffId" signature="()" line-rate="0" branch-rate="1" complexity="1">
              <lines>
                <line number="52" hits="0" branch="False" />
              </lines>
            </method>
            <method name="get_DepartmentLeadStaffId" signature="()" line-rate="1" branch-rate="1" complexity="1">
              <lines>
                <line number="53" hits="10" branch="False" />
              </lines>
            </method>
            <method name="get_DueAt" signature="()" line-rate="1" branch-rate="1" complexity="1">
              <lines>
                <line number="54" hits="10" branch="False" />
              </lines>
            </method>
            <method name="get_Name" signature="()" line-rate="1" branch-rate="1" complexity="1">
              <lines>
                <line number="56" hits="5" branch="False" />
              </lines>
            </method>
            <method name="get_SourceModule" signature="()" line-rate="0" branch-rate="1" complexity="1">
              <lines>
                <line number="58" hits="0" branch="False" />
              </lines>
            </method>
            <method name=".ctor" signature="(System.String,System.String,System.String,System.String,System.String,System.DateTimeOffset)" line-rate="1" branch-rate="1" complexity="1">
              <lines>
                <line number="48" hits="5" branch="False" />
              </lines>
            </method>
          </methods>
          <lines>
            <line number="49" hits="25" branch="False" />
            <line number="50" hits="10" branch="False" />
            <line number="51" hits="5" branch="False" />
            <line number="52" hits="0" branch="False" />
            <line number="53" hits="10" branch="False" />
            <line number="54" hits="10" branch="False" />
            <line number="56" hits="5" branch="False" />
            <line number="58" hits="0" branch="False" />
            <line number="48" hits="5" branch="False" />
          </lines>
        </class>
        <class name="StoreOps.Api.Shared.Events.ActivitiesBulkStatusAppliedEvent" filename="src\StoreOps.Api\Shared\Events\Contracts.cs" line-rate="0.8887999999999999" branch-rate="1" complexity="9">
          <methods>
            <method name="get_StoreId" signature="()" line-rate="1" branch-rate="1" complexity="1">
              <lines>
                <line number="67" hits="8" branch="False" />
              </lines>
            </method>
            <method name="get_ActorStaffId" signature="()" line-rate="1" branch-rate="1" complexity="1">
              <lines>
                <line number="68" hits="4" branch="False" />
              </lines>
            </method>
            <method name="get_RequestedCount" signature="()" line-rate="1" branch-rate="1" complexity="1">
              <lines>
                <line number="69" hits="4" branch="False" />
              </lines>
            </method>
            <method name="get_UpdatedCount" signature="()" line-rate="1" branch-rate="1" complexity="1">
              <lines>
                <line number="70" hits="13" branch="False" />
              </lines>
            </method>
            <method name="get_FailedCount" signature="()" line-rate="1" branch-rate="1" complexity="1">
              <lines>
                <line number="71" hits="4" branch="False" />
              </lines>
            </method>
            <method name="get_UpdatedActivityIds" signature="()" line-rate="1" branch-rate="1" complexity="1">
              <lines>
                <line number="72" hits="9" branch="False" />
              </lines>
            </method>
            <method name="get_Name" signature="()" line-rate="1" branch-rate="1" complexity="1">
              <lines>
                <line number="74" hits="9" branch="False" />
              </lines>
            </method>
            <method name="get_SourceModule" signature="()" line-rate="0" branch-rate="1" complexity="1">
              <lines>
                <line number="76" hits="0" branch="False" />
              </lines>
            </method>
            <method name=".ctor" signature="(System.String,System.String,System.Int32,System.Int32,System.Int32,System.Collections.Generic.IReadOnlyList`1&lt;System.String&gt;)" line-rate="1" branch-rate="1" complexity="1">
              <lines>
                <line number="66" hits="9" branch="False" />
              </lines>
            </method>
          </methods>
          <lines>
            <line number="67" hits="8" branch="False" />
            <line number="68" hits="4" branch="False" />
            <line number="69" hits="4" branch="False" />
            <line number="70" hits="13" branch="False" />
            <line number="71" hits="4" branch="False" />
            <line number="72" hits="9" branch="False" />
            <line number="74" hits="9" branch="False" />
            <line number="76" hits="0" branch="False" />
            <line number="66" hits="9" branch="False" />
          </lines>
        </class>
        <class name="StoreOps.Api.Shared.Events.ProgrammeMemberAddedEvent" filename="src\StoreOps.Api\Shared\Events\Contracts.cs" line-rate="0.5" branch-rate="1" complexity="8">
          <methods>
            <method name="get_ProgrammeId" signature="()" line-rate="0" branch-rate="1" complexity="1">
              <lines>
                <line number="81" hits="0" branch="False" />
              </lines>
            </method>
            <method name="get_StoreId" signature="()" line-rate="0" branch-rate="1" complexity="1">
              <lines>
                <line number="82" hits="0" branch="False" />
              </lines>
            </method>
            <method name="get_StaffId" signature="()" line-rate="0" branch-rate="1" complexity="1">
              <lines>
                <line number="83" hits="0" branch="False" />
              </lines>
            </method>
            <method name="get_Role" signature="()" line-rate="0" branch-rate="1" complexity="1">
              <lines>
                <line number="84" hits="0" branch="False" />
              </lines>
            </method>
            <method name="get_AddedByStaffId" signature="()" line-rate="1" branch-rate="1" complexity="1">
              <lines>
                <line number="85" hits="2" branch="False" />
              </lines>
            </method>
            <method name="get_Name" signature="()" line-rate="1" branch-rate="1" complexity="1">
              <lines>
                <line number="87" hits="2" branch="False" />
              </lines>
            </method>
            <method name="get_SourceModule" signature="()" line-rate="1" branch-rate="1" complexity="1">
              <lines>
                <line number="89" hits="2" branch="False" />
              </lines>
            </method>
            <method name=".ctor" signature="(System.String,System.String,System.String,System.String,System.String)" line-rate="1" branch-rate="1" complexity="1">
              <lines>
                <line number="80" hits="2" branch="False" />
              </lines>
            </method>
          </methods>
          <lines>
            <line number="81" hits="0" branch="False" />
            <line number="82" hits="0" branch="False" />
            <line number="83" hits="0" branch="False" />
            <line number="84" hits="0" branch="False" />
            <line number="85" hits="2" branch="False" />
            <line number="87" hits="2" branch="False" />
            <line number="89" hits="2" branch="False" />
            <line number="80" hits="2" branch="False" />
          </lines>
        </class>
        <class name="StoreOps.Api.Shared.Events.ProgrammeClosedEvent" filename="src\StoreOps.Api\Shared\Events\Contracts.cs" line-rate="0.7142000000000001" branch-rate="1" complexity="7">
          <methods>
            <method name="get_ProgrammeId" signature="()" line-rate="1" branch-rate="1" complexity="1">
              <lines>
                <line number="97" hits="3" branch="False" />
              </lines>
            </method>
            <method name="get_StoreId" signature="()" line-rate="1" branch-rate="1" complexity="1">
              <lines>
                <line number="98" hits="9" branch="False" />
              </lines>
            </method>
            <method name="get_RegionId" signature="()" line-rate="0" branch-rate="1" complexity="1">
              <lines>
                <line number="99" hits="0" branch="False" />
              </lines>
            </method>
            <method name="get_ClosedByStaffId" signature="()" line-rate="1" branch-rate="1" complexity="1">
              <lines>
                <line number="100" hits="3" branch="False" />
              </lines>
            </method>
            <method name="get_Name" signature="()" line-rate="1" branch-rate="1" complexity="1">
              <lines>
                <line number="102" hits="3" branch="False" />
              </lines>
            </method>
            <method name="get_SourceModule" signature="()" line-rate="0" branch-rate="1" complexity="1">
              <lines>
                <line number="104" hits="0" branch="False" />
              </lines>
            </method>
            <method name=".ctor" signature="(System.String,System.String,System.String,System.String)" line-rate="1" branch-rate="1" complexity="1">
              <lines>
                <line number="96" hits="3" branch="False" />
              </lines>
            </method>
          </methods>
          <lines>
            <line number="97" hits="3" branch="False" />
            <line number="98" hits="9" branch="False" />
            <line number="99" hits="0" branch="False" />
            <line number="100" hits="3" branch="False" />
            <line number="102" hits="3" branch="False" />
            <line number="104" hits="0" branch="False" />
            <line number="96" hits="3" branch="False" />
          </lines>
        </class>
        <class name="StoreOps.Api.Shared.Events.DomainEvent" filename="src\StoreOps.Api\Shared\Events\DomainEvent.cs" line-rate="1" branch-rate="1" complexity="2">
          <methods>
            <method name="get_EventId" signature="()" line-rate="1" branch-rate="1" complexity="1">
              <lines>
                <line number="10" hits="119" branch="False" />
              </lines>
            </method>
            <method name="get_OccurredAt" signature="()" line-rate="1" branch-rate="1" complexity="1">
              <lines>
                <line number="13" hits="72" branch="False" />
              </lines>
            </method>
          </methods>
          <lines>
            <line number="10" hits="119" branch="False" />
            <line number="13" hits="72" branch="False" />
          </lines>
        </class>
        <class name="StoreOps.Api.Shared.Events.EventSubscriberService" filename="src\StoreOps.Api\Shared\Events\EventSubscriberService.cs" line-rate="1" branch-rate="1" complexity="4">
          <methods>
            <method name="StartAsync" signature="(System.Threading.CancellationToken)" line-rate="1" branch-rate="1" complexity="1">
              <lines>
                <line number="38" hits="28" branch="False" />
                <line number="39" hits="28" branch="False" />
                <line number="40" hits="28" branch="False" />
                <line number="41" hits="28" branch="False" />
              </lines>
            </method>
            <method name="StopAsync" signature="(System.Threading.CancellationToken)" line-rate="1" branch-rate="1" complexity="1">
              <lines>
                <line number="43" hits="56" branch="False" />
              </lines>
            </method>
            <method name="On" signature="(System.Func`4&lt;System.IServiceProvider,TEvent,System.Threading.CancellationToken,System.Threading.Tasks.Task&gt;)" line-rate="1" branch-rate="1" complexity="1">
              <lines>
                <line number="48" hits="56" branch="False" />
                <line number="49" hits="56" branch="False" />
                <line number="50" hits="30" branch="False" />
                <line number="51" hits="30" branch="False" />
                <line number="52" hits="30" branch="False" />
                <line number="53" hits="56" branch="False" />
                <line number="54" hits="30" branch="False" />
                <line number="55" hits="30" branch="False" />
                <line number="56" hits="30" branch="False" />
                <line number="57" hits="30" branch="False" />
                <line number="58" hits="30" branch="False" />
                <line number="59" hits="56" branch="False" />
                <line number="60" hits="30" branch="False" />
                <line number="61" hits="86" branch="False" />
                <line number="62" hits="56" branch="False" />
              </lines>
            </method>
            <method name=".ctor" signature="(StoreOps.Api.Shared.Events.IEventBus,Microsoft.Extensions.DependencyInjection.IServiceScopeFactory,Microsoft.Extensions.Logging.ILogger)" line-rate="1" branch-rate="1" complexity="1">
              <lines>
                <line number="24" hits="28" branch="False" />
                <line number="25" hits="28" branch="False" />
                <line number="26" hits="28" branch="False" />
                <line number="27" hits="28" branch="False" />
                <line number="28" hits="28" branch="False" />
                <line number="29" hits="28" branch="False" />
              </lines>
            </method>
          </methods>
          <lines>
            <line number="38" hits="28" branch="False" />
            <line number="39" hits="28" branch="False" />
            <line number="40" hits="28" branch="False" />
            <line number="41" hits="28" branch="False" />
            <line number="43" hits="56" branch="False" />
            <line number="48" hits="56" branch="False" />
            <line number="49" hits="56" branch="False" />
            <line number="50" hits="30" branch="False" />
            <line number="51" hits="30" branch="False" />
            <line number="52" hits="30" branch="False" />
            <line number="53" hits="56" branch="False" />
            <line number="54" hits="30" branch="False" />
            <line number="55" hits="30" branch="False" />
            <line number="56" hits="30" branch="False" />
            <line number="57" hits="30" branch="False" />
            <line number="58" hits="30" branch="False" />
            <line number="59" hits="56" branch="False" />
            <line number="60" hits="30" branch="False" />
            <line number="61" hits="86" branch="False" />
            <line number="62" hits="56" branch="False" />
            <line number="24" hits="28" branch="False" />
            <line number="25" hits="28" branch="False" />
            <line number="26" hits="28" branch="False" />
            <line number="27" hits="28" branch="False" />
            <line number="28" hits="28" branch="False" />
            <line number="29" hits="28" branch="False" />
          </lines>
        </class>
        <class name="StoreOps.Api.Shared.Events.InMemoryEventBus" filename="src\StoreOps.Api\Shared\Events\InMemoryEventBus.cs" line-rate="1" branch-rate="1" complexity="3">
          <methods>
            <method name="Subscribe" signature="(System.Func`3&lt;TEvent,System.Threading.CancellationToken,System.Threading.Tasks.Task&gt;)" line-rate="1" branch-rate="1" complexity="2">
              <lines>
                <line number="26" hits="63" branch="False" />
                <line number="27" hits="63" branch="False" />
                <line number="29" hits="122" branch="True" condition-coverage="100% (2/2)">
                  <conditions>
                    <condition number="53" type="jump" coverage="100%" />
                  </conditions>
                </line>
                <line number="31" hits="62" branch="False" />
                <line number="32" hits="62" branch="False" />
                <line number="33" hits="97" branch="False" />
                <line number="34" hits="62" branch="False" />
                <line number="35" hits="62" branch="False" />
              </lines>
            </method>
            <method name=".ctor" signature="(Microsoft.Extensions.Logging.ILogger`1&lt;StoreOps.Api.Shared.Events.InMemoryEventBus&gt;)" line-rate="1" branch-rate="1" complexity="1">
              <lines>
                <line number="16" hits="21" branch="False" />
                <line number="19" hits="21" branch="False" />
                <line number="20" hits="21" branch="False" />
                <line number="21" hits="21" branch="False" />
                <line number="22" hits="21" branch="False" />
              </lines>
            </method>
          </methods>
          <lines>
            <line number="26" hits="63" branch="False" />
            <line number="27" hits="63" branch="False" />
            <line number="29" hits="122" branch="True" condition-coverage="100% (2/2)">
              <conditions>
                <condition number="53" type="jump" coverage="100%" />
              </conditions>
            </line>
            <line number="31" hits="62" branch="False" />
            <line number="32" hits="62" branch="False" />
            <line number="33" hits="97" branch="False" />
            <line number="34" hits="62" branch="False" />
            <line number="35" hits="62" branch="False" />
            <line number="16" hits="21" branch="False" />
            <line number="19" hits="21" branch="False" />
            <line number="20" hits="21" branch="False" />
            <line number="21" hits="21" branch="False" />
            <line number="22" hits="21" branch="False" />
          </lines>
        </class>
        <class name="StoreOps.Api.Shared.Events.InMemoryEventBus/&lt;PublishAsync&gt;d__4" filename="src\StoreOps.Api\Shared\Events\InMemoryEventBus.cs" line-rate="1" branch-rate="1" complexity="4">
          <methods>
            <method name="MoveNext" signature="()" line-rate="1" branch-rate="1" complexity="4">
              <lines>
                <line number="38" hits="71" branch="False" />
                <line number="39" hits="71" branch="False" />
                <line number="41" hits="70" branch="True" condition-coverage="100% (2/2)">
                  <conditions>
                    <condition number="73" type="jump" coverage="100%" />
                  </conditions>
                </line>
                <line number="42" hits="37" branch="False" />
                <line number="43" hits="37" branch="False" />
                <line number="44" hits="37" branch="False" />
                <line number="45" hits="37" branch="False" />
                <line number="46" hits="37" branch="False" />
                <line number="47" hits="37" branch="False" />
                <line number="51" hits="33" branch="False" />
                <line number="52" hits="33" branch="False" />
                <line number="53" hits="33" branch="False" />
                <line number="54" hits="33" branch="False" />
                <line number="56" hits="169" branch="True" condition-coverage="100% (2/2)">
                  <conditions>
                    <condition number="523" type="jump" coverage="100%" />
                  </conditions>
                </line>
                <line number="57" hits="35" branch="False" />
                <line number="59" hits="35" branch="False" />
                <line number="60" hits="35" branch="False" />
                <line number="61" hits="34" branch="False" />
                <line number="62" hits="1" branch="False" />
                <line number="63" hits="1" branch="False" />
                <line number="64" hits="1" branch="False" />
                <line number="65" hits="1" branch="False" />
                <line number="66" hits="1" branch="False" />
                <line number="67" hits="1" branch="False" />
                <line number="68" hits="1" branch="False" />
                <line number="69" hits="1" branch="False" />
                <line number="70" hits="1" branch="False" />
                <line number="71" hits="35" branch="False" />
                <line number="72" hits="70" branch="False" />
              </lines>
            </method>
          </methods>
          <lines>
            <line number="38" hits="71" branch="False" />
            <line number="39" hits="71" branch="False" />
            <line number="41" hits="70" branch="True" condition-coverage="100% (2/2)">
              <conditions>
                <condition number="73" type="jump" coverage="100%" />
              </conditions>
            </line>
            <line number="42" hits="37" branch="False" />
            <line number="43" hits="37" branch="False" />
            <line number="44" hits="37" branch="False" />
            <line number="45" hits="37" branch="False" />
            <line number="46" hits="37" branch="False" />
            <line number="47" hits="37" branch="False" />
            <line number="51" hits="33" branch="False" />
            <line number="52" hits="33" branch="False" />
            <line number="53" hits="33" branch="False" />
            <line number="54" hits="33" branch="False" />
            <line number="56" hits="169" branch="True" condition-coverage="100% (2/2)">
              <conditions>
                <condition number="523" type="jump" coverage="100%" />
              </conditions>
            </line>
            <line number="57" hits="35" branch="False" />
            <line number="59" hits="35" branch="False" />
            <line number="60" hits="35" branch="False" />
            <line number="61" hits="34" branch="False" />
            <line number="62" hits="1" branch="False" />
            <line number="63" hits="1" branch="False" />
            <line number="64" hits="1" branch="False" />
            <line number="65" hits="1" branch="False" />
            <line number="66" hits="1" branch="False" />
            <line number="67" hits="1" branch="False" />
            <line number="68" hits="1" branch="False" />
            <line number="69" hits="1" branch="False" />
            <line number="70" hits="1" branch="False" />
            <line number="71" hits="35" branch="False" />
            <line number="72" hits="70" branch="False" />
          </lines>
        </class>
        <class name="StoreOps.Api.Shared.Errors.AppError" filename="src\StoreOps.Api\Shared\Errors\AppError.cs" line-rate="0.6153" branch-rate="1" complexity="5">
          <methods>
            <method name="get_Code" signature="()" line-rate="1" branch-rate="1" complexity="1">
              <lines>
                <line number="30" hits="52" branch="False" />
              </lines>
            </method>
            <method name="get_StatusCode" signature="()" line-rate="1" branch-rate="1" complexity="1">
              <lines>
                <line number="33" hits="26" branch="False" />
              </lines>
            </method>
            <method name="get_Details" signature="()" line-rate="1" branch-rate="1" complexity="1">
              <lines>
                <line number="36" hits="36" branch="False" />
              </lines>
            </method>
            <method name=".ctor" signature="(System.String,System.String,System.Int32)" line-rate="1" branch-rate="1" complexity="1">
              <lines>
                <line number="16" hits="26" branch="False" />
                <line number="17" hits="26" branch="False" />
                <line number="18" hits="26" branch="False" />
                <line number="19" hits="26" branch="False" />
                <line number="20" hits="26" branch="False" />
              </lines>
            </method>
            <method name=".ctor" signature="(System.String,System.String,System.Int32,System.Exception)" line-rate="0" branch-rate="1" complexity="1">
              <lines>
                <line number="23" hits="0" branch="False" />
                <line number="24" hits="0" branch="False" />
                <line number="25" hits="0" branch="False" />
                <line number="26" hits="0" branch="False" />
                <line number="27" hits="0" branch="False" />
              </lines>
            </method>
          </methods>
          <lines>
            <line number="30" hits="52" branch="False" />
            <line number="33" hits="26" branch="False" />
            <line number="36" hits="36" branch="False" />
            <line number="16" hits="26" branch="False" />
            <line number="17" hits="26" branch="False" />
            <line number="18" hits="26" branch="False" />
            <line number="19" hits="26" branch="False" />
            <line number="20" hits="26" branch="False" />
            <line number="23" hits="0" branch="False" />
            <line number="24" hits="0" branch="False" />
            <line number="25" hits="0" branch="False" />
            <line number="26" hits="0" branch="False" />
            <line number="27" hits="0" branch="False" />
          </lines>
        </class>
        <class name="StoreOps.Api.Shared.Errors.AppErrorHandlingMiddleware" filename="src\StoreOps.Api\Shared\Errors\AppErrorHandlingMiddleware.cs" line-rate="1" branch-rate="1" complexity="2">
          <methods>
            <method name=".ctor" signature="(Microsoft.AspNetCore.Http.RequestDelegate,Microsoft.Extensions.Logging.ILogger`1&lt;StoreOps.Api.Shared.Errors.AppErrorHandlingMiddleware&gt;)" line-rate="1" branch-rate="1" complexity="1">
              <lines>
                <line number="21" hits="14" branch="False" />
                <line number="22" hits="14" branch="False" />
                <line number="23" hits="14" branch="False" />
                <line number="24" hits="14" branch="False" />
                <line number="25" hits="14" branch="False" />
              </lines>
            </method>
            <method name=".cctor" signature="()" line-rate="1" branch-rate="1" complexity="1">
              <lines>
                <line number="16" hits="1" branch="False" />
              </lines>
            </method>
          </methods>
          <lines>
            <line number="21" hits="14" branch="False" />
            <line number="22" hits="14" branch="False" />
            <line number="23" hits="14" branch="False" />
            <line number="24" hits="14" branch="False" />
            <line number="25" hits="14" branch="False" />
            <line number="16" hits="1" branch="False" />
          </lines>
        </class>
        <class name="StoreOps.Api.Shared.Errors.AppErrorHandlingMiddleware/&lt;InvokeAsync&gt;d__4" filename="src\StoreOps.Api\Shared\Errors\AppErrorHandlingMiddleware.cs" line-rate="0.5172" branch-rate="1" complexity="1">
          <methods>
            <method name="MoveNext" signature="()" line-rate="0.5172" branch-rate="1" complexity="1">
              <lines>
                <line number="28" hits="115" branch="False" />
                <line number="30" hits="115" branch="False" />
                <line number="31" hits="115" branch="False" />
                <line number="32" hits="89" branch="False" />
                <line number="33" hits="26" branch="False" />
                <line number="34" hits="26" branch="False" />
                <line number="35" hits="26" branch="False" />
                <line number="36" hits="26" branch="False" />
                <line number="37" hits="26" branch="False" />
                <line number="38" hits="26" branch="False" />
                <line number="39" hits="26" branch="False" />
                <line number="40" hits="26" branch="False" />
                <line number="42" hits="26" branch="False" />
                <line number="43" hits="26" branch="False" />
                <line number="44" hits="0" branch="False" />
                <line number="45" hits="0" branch="False" />
                <line number="47" hits="0" branch="False" />
                <line number="48" hits="0" branch="False" />
                <line number="49" hits="0" branch="False" />
                <line number="50" hits="0" branch="False" />
                <line number="51" hits="0" branch="False" />
                <line number="53" hits="0" branch="False" />
                <line number="54" hits="0" branch="False" />
                <line number="55" hits="0" branch="False" />
                <line number="56" hits="0" branch="False" />
                <line number="57" hits="0" branch="False" />
                <line number="58" hits="0" branch="False" />
                <line number="59" hits="0" branch="False" />
                <line number="60" hits="115" branch="False" />
              </lines>
            </method>
          </methods>
          <lines>
            <line number="28" hits="115" branch="False" />
            <line number="30" hits="115" branch="False" />
            <line number="31" hits="115" branch="False" />
            <line number="32" hits="89" branch="False" />
            <line number="33" hits="26" branch="False" />
            <line number="34" hits="26" branch="False" />
            <line number="35" hits="26" branch="False" />
            <line number="36" hits="26" branch="False" />
            <line number="37" hits="26" branch="False" />
            <line number="38" hits="26" branch="False" />
            <line number="39" hits="26" branch="False" />
            <line number="40" hits="26" branch="False" />
            <line number="42" hits="26" branch="False" />
            <line number="43" hits="26" branch="False" />
            <line number="44" hits="0" branch="False" />
            <line number="45" hits="0" branch="False" />
            <line number="47" hits="0" branch="False" />
            <line number="48" hits="0" branch="False" />
            <line number="49" hits="0" branch="False" />
            <line number="50" hits="0" branch="False" />
            <line number="51" hits="0" branch="False" />
            <line number="53" hits="0" branch="False" />
            <line number="54" hits="0" branch="False" />
            <line number="55" hits="0" branch="False" />
            <line number="56" hits="0" branch="False" />
            <line number="57" hits="0" branch="False" />
            <line number="58" hits="0" branch="False" />
            <line number="59" hits="0" branch="False" />
            <line number="60" hits="115" branch="False" />
          </lines>
        </class>
        <class name="StoreOps.Api.Shared.Errors.AppErrorHandlingMiddleware/&lt;WriteAsync&gt;d__5" filename="src\StoreOps.Api\Shared\Errors\AppErrorHandlingMiddleware.cs" line-rate="0.8181" branch-rate="0.5" complexity="2">
          <methods>
            <method name="MoveNext" signature="()" line-rate="0.8181" branch-rate="0.5" complexity="2">
              <lines>
                <line number="68" hits="26" branch="False" />
                <line number="69" hits="26" branch="True" condition-coverage="50% (1/2)">
                  <conditions>
                    <condition number="36" type="jump" coverage="50%" />
                  </conditions>
                </line>
                <line number="70" hits="0" branch="False" />
                <line number="71" hits="0" branch="False" />
                <line number="74" hits="26" branch="False" />
                <line number="75" hits="26" branch="False" />
                <line number="76" hits="26" branch="False" />
                <line number="78" hits="26" branch="False" />
                <line number="79" hits="26" branch="False" />
                <line number="81" hits="26" branch="False" />
                <line number="82" hits="26" branch="False" />
              </lines>
            </method>
          </methods>
          <lines>
            <line number="68" hits="26" branch="False" />
            <line number="69" hits="26" branch="True" condition-coverage="50% (1/2)">
              <conditions>
                <condition number="36" type="jump" coverage="50%" />
              </conditions>
            </line>
            <line number="70" hits="0" branch="False" />
            <line number="71" hits="0" branch="False" />
            <line number="74" hits="26" branch="False" />
            <line number="75" hits="26" branch="False" />
            <line number="76" hits="26" branch="False" />
            <line number="78" hits="26" branch="False" />
            <line number="79" hits="26" branch="False" />
            <line number="81" hits="26" branch="False" />
            <line number="82" hits="26" branch="False" />
          </lines>
        </class>
        <class name="StoreOps.Api.Shared.Errors.ErrorResponse" filename="src\StoreOps.Api\Shared\Errors\AppErrorHandlingMiddleware.cs" line-rate="1" branch-rate="1" complexity="1">
          <methods>
            <method name="get_Error" signature="()" line-rate="1" branch-rate="1" complexity="1">
              <lines>
                <line number="86" hits="108" branch="False" />
              </lines>
            </method>
          </methods>
          <lines>
            <line number="86" hits="108" branch="False" />
          </lines>
        </class>
        <class name="StoreOps.Api.Shared.Errors.ErrorBody" filename="src\StoreOps.Api\Shared\Errors\AppErrorHandlingMiddleware.cs" line-rate="1" branch-rate="1" complexity="6">
          <methods>
            <method name="get_Code" signature="()" line-rate="1" branch-rate="1" complexity="1">
              <lines>
                <line number="90" hits="44" branch="False" />
              </lines>
            </method>
            <method name="get_Message" signature="()" line-rate="1" branch-rate="1" complexity="1">
              <lines>
                <line number="91" hits="31" branch="False" />
              </lines>
            </method>
            <method name="get_StatusCode" signature="()" line-rate="1" branch-rate="1" complexity="1">
              <lines>
                <line number="92" hits="30" branch="False" />
              </lines>
            </method>
            <method name="get_TraceId" signature="()" line-rate="1" branch-rate="1" complexity="1">
              <lines>
                <line number="93" hits="30" branch="False" />
              </lines>
            </method>
            <method name="get_Details" signature="()" line-rate="1" branch-rate="1" complexity="1">
              <lines>
                <line number="94" hits="77" branch="False" />
              </lines>
            </method>
            <method name=".ctor" signature="(System.String,System.String,System.Int32,System.String,System.Collections.Generic.IReadOnlyDictionary`2&lt;System.String,System.String[]&gt;)" line-rate="1" branch-rate="1" complexity="1">
              <lines>
                <line number="89" hits="44" branch="False" />
              </lines>
            </method>
          </methods>
          <lines>
            <line number="90" hits="44" branch="False" />
            <line number="91" hits="31" branch="False" />
            <line number="92" hits="30" branch="False" />
            <line number="93" hits="30" branch="False" />
            <line number="94" hits="77" branch="False" />
            <line number="89" hits="44" branch="False" />
          </lines>
        </class>
        <class name="StoreOps.Api.Shared.Errors.ValidationError" filename="src\StoreOps.Api\Shared\Errors\Errors.cs" line-rate="1" branch-rate="1" complexity="3">
          <methods>
            <method name="ForField" signature="(System.String,System.String)" line-rate="1" branch-rate="1" complexity="1">
              <lines>
                <line number="19" hits="6" branch="False" />
                <line number="20" hits="6" branch="False" />
                <line number="21" hits="6" branch="False" />
              </lines>
            </method>
            <method name=".ctor" signature="(System.String)" line-rate="1" branch-rate="1" complexity="1">
              <lines>
                <line number="7" hits="1" branch="False" />
                <line number="8" hits="1" branch="False" />
                <line number="9" hits="1" branch="False" />
              </lines>
            </method>
            <method name=".ctor" signature="(System.String,System.Collections.Generic.IReadOnlyDictionary`2&lt;System.String,System.String[]&gt;)" line-rate="1" branch-rate="1" complexity="1">
              <lines>
                <line number="12" hits="10" branch="False" />
                <line number="13" hits="10" branch="False" />
                <line number="14" hits="10" branch="False" />
                <line number="15" hits="10" branch="False" />
              </lines>
            </method>
          </methods>
          <lines>
            <line number="19" hits="6" branch="False" />
            <line number="20" hits="6" branch="False" />
            <line number="21" hits="6" branch="False" />
            <line number="7" hits="1" branch="False" />
            <line number="8" hits="1" branch="False" />
            <line number="9" hits="1" branch="False" />
            <line number="12" hits="10" branch="False" />
            <line number="13" hits="10" branch="False" />
            <line number="14" hits="10" branch="False" />
            <line number="15" hits="10" branch="False" />
          </lines>
        </class>
        <class name="StoreOps.Api.Shared.Errors.NotFoundError" filename="src\StoreOps.Api\Shared\Errors\Errors.cs" line-rate="0.7142000000000001" branch-rate="1" complexity="3">
          <methods>
            <method name="get_Resource" signature="()" line-rate="0" branch-rate="1" complexity="1">
              <lines>
                <line number="34" hits="0" branch="False" />
              </lines>
            </method>
            <method name="get_ResourceId" signature="()" line-rate="0" branch-rate="1" complexity="1">
              <lines>
                <line number="36" hits="0" branch="False" />
              </lines>
            </method>
            <method name=".ctor" signature="(System.String,System.String)" line-rate="1" branch-rate="1" complexity="1">
              <lines>
                <line number="28" hits="5" branch="False" />
                <line number="29" hits="5" branch="False" />
                <line number="30" hits="5" branch="False" />
                <line number="31" hits="5" branch="False" />
                <line number="32" hits="5" branch="False" />
              </lines>
            </method>
          </methods>
          <lines>
            <line number="34" hits="0" branch="False" />
            <line number="36" hits="0" branch="False" />
            <line number="28" hits="5" branch="False" />
            <line number="29" hits="5" branch="False" />
            <line number="30" hits="5" branch="False" />
            <line number="31" hits="5" branch="False" />
            <line number="32" hits="5" branch="False" />
          </lines>
        </class>
        <class name="StoreOps.Api.Shared.Errors.ConflictError" filename="src\StoreOps.Api\Shared\Errors\Errors.cs" line-rate="1" branch-rate="1" complexity="1">
          <methods>
            <method name=".ctor" signature="(System.String)" line-rate="1" branch-rate="1" complexity="1">
              <lines>
                <line number="43" hits="3" branch="False" />
                <line number="44" hits="3" branch="False" />
                <line number="45" hits="3" branch="False" />
              </lines>
            </method>
          </methods>
          <lines>
            <line number="43" hits="3" branch="False" />
            <line number="44" hits="3" branch="False" />
            <line number="45" hits="3" branch="False" />
          </lines>
        </class>
        <class name="StoreOps.Api.Shared.Errors.InvalidStateTransitionError" filename="src\StoreOps.Api\Shared\Errors\Errors.cs" line-rate="0.8" branch-rate="1" complexity="3">
          <methods>
            <method name="get_From" signature="()" line-rate="0" branch-rate="1" complexity="1">
              <lines>
                <line number="61" hits="0" branch="False" />
              </lines>
            </method>
            <method name="get_To" signature="()" line-rate="0" branch-rate="1" complexity="1">
              <lines>
                <line number="63" hits="0" branch="False" />
              </lines>
            </method>
            <method name=".ctor" signature="(System.String,System.String)" line-rate="1" branch-rate="1" complexity="1">
              <lines>
                <line number="52" hits="1" branch="False" />
                <line number="53" hits="1" branch="False" />
                <line number="54" hits="1" branch="False" />
                <line number="55" hits="1" branch="False" />
                <line number="56" hits="1" branch="False" />
                <line number="57" hits="1" branch="False" />
                <line number="58" hits="1" branch="False" />
                <line number="59" hits="1" branch="False" />
              </lines>
            </method>
          </methods>
          <lines>
            <line number="61" hits="0" branch="False" />
            <line number="63" hits="0" branch="False" />
            <line number="52" hits="1" branch="False" />
            <line number="53" hits="1" branch="False" />
            <line number="54" hits="1" branch="False" />
            <line number="55" hits="1" branch="False" />
            <line number="56" hits="1" branch="False" />
            <line number="57" hits="1" branch="False" />
            <line number="58" hits="1" branch="False" />
            <line number="59" hits="1" branch="False" />
          </lines>
        </class>
        <class name="StoreOps.Api.Shared.Errors.ForbiddenError" filename="src\StoreOps.Api\Shared\Errors\Errors.cs" line-rate="1" branch-rate="1" complexity="1">
          <methods>
            <method name=".ctor" signature="(System.String)" line-rate="1" branch-rate="1" complexity="1">
              <lines>
                <line number="70" hits="2" branch="False" />
                <line number="71" hits="2" branch="False" />
                <line number="72" hits="2" branch="False" />
              </lines>
            </method>
          </methods>
          <lines>
            <line number="70" hits="2" branch="False" />
            <line number="71" hits="2" branch="False" />
            <line number="72" hits="2" branch="False" />
          </lines>
        </class>
        <class name="StoreOps.Api.Shared.Errors.UnauthorizedError" filename="src\StoreOps.Api\Shared\Errors\Errors.cs" line-rate="1" branch-rate="1" complexity="1">
          <methods>
            <method name=".ctor" signature="(System.String)" line-rate="1" branch-rate="1" complexity="1">
              <lines>
                <line number="79" hits="4" branch="False" />
                <line number="80" hits="4" branch="False" />
                <line number="81" hits="4" branch="False" />
              </lines>
            </method>
          </methods>
          <lines>
            <line number="79" hits="4" branch="False" />
            <line number="80" hits="4" branch="False" />
            <line number="81" hits="4" branch="False" />
          </lines>
        </class>
        <class name="StoreOps.Api.Shared.Auth.StaffContext" filename="src\StoreOps.Api\Shared\Auth\StaffContext.cs" line-rate="1" branch-rate="1" complexity="7">
          <methods>
            <method name="get_StaffId" signature="()" line-rate="1" branch-rate="1" complexity="1">
              <lines>
                <line number="11" hits="206" branch="False" />
              </lines>
            </method>
            <method name="get_StoreId" signature="()" line-rate="1" branch-rate="1" complexity="1">
              <lines>
                <line number="12" hits="173" branch="False" />
              </lines>
            </method>
            <method name="get_RegionId" signature="()" line-rate="1" branch-rate="1" complexity="1">
              <lines>
                <line number="13" hits="9" branch="False" />
              </lines>
            </method>
            <method name="get_Role" signature="()" line-rate="1" branch-rate="1" complexity="1">
              <lines>
                <line number="14" hits="116" branch="False" />
              </lines>
            </method>
            <method name="get_IsStoreManagement" signature="()" line-rate="1" branch-rate="1" complexity="1">
              <lines>
                <line number="19" hits="3" branch="False" />
              </lines>
            </method>
            <method name=".ctor" signature="(System.String,System.String,System.String,System.String)" line-rate="1" branch-rate="1" complexity="1">
              <lines>
                <line number="10" hits="113" branch="False" />
              </lines>
            </method>
            <method name=".cctor" signature="()" line-rate="1" branch-rate="1" complexity="1">
              <lines>
                <line number="17" hits="1" branch="False" />
              </lines>
            </method>
          </methods>
          <lines>
            <line number="11" hits="206" branch="False" />
            <line number="12" hits="173" branch="False" />
            <line number="13" hits="9" branch="False" />
            <line number="14" hits="116" branch="False" />
            <line number="19" hits="3" branch="False" />
            <line number="10" hits="113" branch="False" />
            <line number="17" hits="1" branch="False" />
          </lines>
        </class>
        <class name="StoreOps.Api.Shared.Auth.StaffContextAccessor" filename="src\StoreOps.Api\Shared\Auth\StaffContextAccessor.cs" line-rate="1" branch-rate="1" complexity="2">
          <methods>
            <method name="get_Current" signature="()" line-rate="1" branch-rate="1" complexity="1">
              <lines>
                <line number="6" hits="283" branch="False" />
              </lines>
            </method>
            <method name="Set" signature="(StoreOps.Api.Shared.Auth.StaffContext)" line-rate="1" branch-rate="1" complexity="1">
              <lines>
                <line number="9" hits="153" branch="False" />
                <line number="10" hits="153" branch="False" />
                <line number="11" hits="153" branch="False" />
                <line number="12" hits="153" branch="False" />
              </lines>
            </method>
          </methods>
          <lines>
            <line number="6" hits="283" branch="False" />
            <line number="9" hits="153" branch="False" />
            <line number="10" hits="153" branch="False" />
            <line number="11" hits="153" branch="False" />
            <line number="12" hits="153" branch="False" />
          </lines>
        </class>
        <class name="StoreOps.Api.Shared.Auth.SystemIdentity" filename="src\StoreOps.Api\Shared\Auth\SystemIdentity.cs" line-rate="0" branch-rate="1" complexity="1">
          <methods>
            <method name=".cctor" signature="()" line-rate="0" branch-rate="1" complexity="1">
              <lines>
                <line number="14" hits="0" branch="False" />
                <line number="15" hits="0" branch="False" />
                <line number="16" hits="0" branch="False" />
                <line number="17" hits="0" branch="False" />
                <line number="18" hits="0" branch="False" />
              </lines>
            </method>
          </methods>
          <lines>
            <line number="14" hits="0" branch="False" />
            <line number="15" hits="0" branch="False" />
            <line number="16" hits="0" branch="False" />
            <line number="17" hits="0" branch="False" />
            <line number="18" hits="0" branch="False" />
          </lines>
        </class>
        <class name="StoreOps.Api.Modules.Staff.InMemoryStaffRepository" filename="src\StoreOps.Api\Modules\Staff\InMemoryStaffRepository.cs" line-rate="1" branch-rate="0.9166" complexity="14">
          <methods>
            <method name="FindByIdAsync" signature="(System.String,System.Threading.CancellationToken)" line-rate="1" branch-rate="1" complexity="2">
              <lines>
                <line number="23" hits="5" branch="True" condition-coverage="100% (2/2)">
                  <conditions>
                    <condition number="14" type="jump" coverage="100%" />
                  </conditions>
                </line>
              </lines>
            </method>
            <method name="FindByTokenAsync" signature="(System.String,System.Threading.CancellationToken)" line-rate="1" branch-rate="0.75" complexity="4">
              <lines>
                <line number="26" hits="111" branch="False" />
                <line number="27" hits="111" branch="True" condition-coverage="100% (2/2)">
                  <conditions>
                    <condition number="20" type="jump" coverage="100%" />
                  </conditions>
                </line>
                <line number="28" hits="1" branch="False" />
                <line number="29" hits="1" branch="False" />
                <line number="32" hits="110" branch="True" condition-coverage="50% (1/2)">
                  <conditions>
                    <condition number="51" type="jump" coverage="50%" />
                  </conditions>
                </line>
                <line number="33" hits="111" branch="False" />
              </lines>
            </method>
            <method name="ListByStoreAsync" signature="(System.String,System.Threading.CancellationToken)" line-rate="1" branch-rate="1" complexity="1">
              <lines>
                <line number="38" hits="10" branch="False" />
                <line number="39" hits="10" branch="False" />
                <line number="40" hits="30" branch="False" />
                <line number="41" hits="30" branch="False" />
                <line number="42" hits="10" branch="False" />
                <line number="44" hits="10" branch="False" />
                <line number="45" hits="10" branch="False" />
              </lines>
            </method>
            <method name="FindDepartmentLeadAsync" signature="(System.String,System.String,System.Threading.CancellationToken)" line-rate="1" branch-rate="1" complexity="6">
              <lines>
                <line number="51" hits="5" branch="False" />
                <line number="52" hits="5" branch="False" />
                <line number="53" hits="15" branch="True" condition-coverage="100% (6/6)">
                  <conditions>
                    <condition number="6" type="jump" coverage="100%" />
                    <condition number="15" type="jump" coverage="100%" />
                    <condition number="35" type="jump" coverage="100%" />
                  </conditions>
                </line>
                <line number="54" hits="15" branch="False" />
                <line number="55" hits="15" branch="False" />
                <line number="56" hits="15" branch="False" />
                <line number="58" hits="5" branch="False" />
                <line number="59" hits="5" branch="False" />
              </lines>
            </method>
            <method name=".ctor" signature="()" line-rate="1" branch-rate="1" complexity="1">
              <lines>
                <line number="16" hits="14" branch="False" />
                <line number="17" hits="14" branch="False" />
                <line number="18" hits="56" branch="False" />
                <line number="19" hits="56" branch="False" />
                <line number="20" hits="14" branch="False" />
              </lines>
            </method>
          </methods>
          <lines>
            <line number="23" hits="5" branch="True" condition-coverage="100% (2/2)">
              <conditions>
                <condition number="14" type="jump" coverage="100%" />
              </conditions>
            </line>
            <line number="26" hits="111" branch="False" />
            <line number="27" hits="111" branch="True" condition-coverage="100% (2/2)">
              <conditions>
                <condition number="20" type="jump" coverage="100%" />
              </conditions>
            </line>
            <line number="28" hits="1" branch="False" />
            <line number="29" hits="1" branch="False" />
            <line number="32" hits="110" branch="True" condition-coverage="50% (1/2)">
              <conditions>
                <condition number="51" type="jump" coverage="50%" />
              </conditions>
            </line>
            <line number="33" hits="111" branch="False" />
            <line number="38" hits="10" branch="False" />
            <line number="39" hits="10" branch="False" />
            <line number="40" hits="30" branch="False" />
            <line number="41" hits="30" branch="False" />
            <line number="42" hits="10" branch="False" />
            <line number="44" hits="10" branch="False" />
            <line number="45" hits="10" branch="False" />
            <line number="51" hits="5" branch="False" />
            <line number="52" hits="5" branch="False" />
            <line number="53" hits="15" branch="True" condition-coverage="100% (6/6)">
              <conditions>
                <condition number="6" type="jump" coverage="100%" />
                <condition number="15" type="jump" coverage="100%" />
                <condition number="35" type="jump" coverage="100%" />
              </conditions>
            </line>
            <line number="54" hits="15" branch="False" />
            <line number="55" hits="15" branch="False" />
            <line number="56" hits="15" branch="False" />
            <line number="58" hits="5" branch="False" />
            <line number="59" hits="5" branch="False" />
            <line number="16" hits="14" branch="False" />
            <line number="17" hits="14" branch="False" />
            <line number="18" hits="56" branch="False" />
            <line number="19" hits="56" branch="False" />
            <line number="20" hits="14" branch="False" />
          </lines>
        </class>
        <class name="StoreOps.Api.Modules.Staff.InMemoryStaffRepository/SeedData" filename="src\StoreOps.Api\Modules\Staff\InMemoryStaffRepository.cs" line-rate="1" branch-rate="1" complexity="1">
          <methods>
            <method name=".cctor" signature="()" line-rate="1" branch-rate="1" complexity="1">
              <lines>
                <line number="71" hits="1" branch="False" />
                <line number="72" hits="1" branch="False" />
                <line number="73" hits="1" branch="False" />
                <line number="74" hits="1" branch="False" />
                <line number="75" hits="1" branch="False" />
                <line number="76" hits="1" branch="False" />
                <line number="77" hits="1" branch="False" />
                <line number="78" hits="1" branch="False" />
                <line number="79" hits="1" branch="False" />
                <line number="81" hits="1" branch="False" />
                <line number="82" hits="1" branch="False" />
                <line number="83" hits="1" branch="False" />
                <line number="84" hits="1" branch="False" />
                <line number="85" hits="1" branch="False" />
                <line number="86" hits="1" branch="False" />
                <line number="87" hits="1" branch="False" />
                <line number="88" hits="1" branch="False" />
                <line number="89" hits="1" branch="False" />
                <line number="91" hits="1" branch="False" />
                <line number="92" hits="1" branch="False" />
                <line number="93" hits="1" branch="False" />
                <line number="94" hits="1" branch="False" />
                <line number="95" hits="1" branch="False" />
                <line number="96" hits="1" branch="False" />
                <line number="97" hits="1" branch="False" />
                <line number="98" hits="1" branch="False" />
                <line number="99" hits="1" branch="False" />
                <line number="101" hits="1" branch="False" />
                <line number="103" hits="1" branch="False" />
                <line number="104" hits="1" branch="False" />
                <line number="105" hits="1" branch="False" />
                <line number="106" hits="1" branch="False" />
                <line number="107" hits="1" branch="False" />
                <line number="108" hits="1" branch="False" />
              </lines>
            </method>
          </methods>
          <lines>
            <line number="71" hits="1" branch="False" />
            <line number="72" hits="1" branch="False" />
            <line number="73" hits="1" branch="False" />
            <line number="74" hits="1" branch="False" />
            <line number="75" hits="1" branch="False" />
            <line number="76" hits="1" branch="False" />
            <line number="77" hits="1" branch="False" />
            <line number="78" hits="1" branch="False" />
            <line number="79" hits="1" branch="False" />
            <line number="81" hits="1" branch="False" />
            <line number="82" hits="1" branch="False" />
            <line number="83" hits="1" branch="False" />
            <line number="84" hits="1" branch="False" />
            <line number="85" hits="1" branch="False" />
            <line number="86" hits="1" branch="False" />
            <line number="87" hits="1" branch="False" />
            <line number="88" hits="1" branch="False" />
            <line number="89" hits="1" branch="False" />
            <line number="91" hits="1" branch="False" />
            <line number="92" hits="1" branch="False" />
            <line number="93" hits="1" branch="False" />
            <line number="94" hits="1" branch="False" />
            <line number="95" hits="1" branch="False" />
            <line number="96" hits="1" branch="False" />
            <line number="97" hits="1" branch="False" />
            <line number="98" hits="1" branch="False" />
            <line number="99" hits="1" branch="False" />
            <line number="101" hits="1" branch="False" />
            <line number="103" hits="1" branch="False" />
            <line number="104" hits="1" branch="False" />
            <line number="105" hits="1" branch="False" />
            <line number="106" hits="1" branch="False" />
            <line number="107" hits="1" branch="False" />
            <line number="108" hits="1" branch="False" />
          </lines>
        </class>
        <class name="StoreOps.Api.Modules.Staff.StaffMember" filename="src\StoreOps.Api\Modules\Staff\Models.cs" line-rate="0.9" branch-rate="1" complexity="10">
          <methods>
            <method name="get_Id" signature="()" line-rate="1" branch-rate="1" complexity="1">
              <lines>
                <line number="21" hits="175" branch="False" />
              </lines>
            </method>
            <method name="get_Email" signature="()" line-rate="0" branch-rate="1" complexity="1">
              <lines>
                <line number="22" hits="0" branch="False" />
              </lines>
            </method>
            <method name="get_DisplayName" signature="()" line-rate="1" branch-rate="1" complexity="1">
              <lines>
                <line number="23" hits="30" branch="False" />
              </lines>
            </method>
            <method name="get_StoreId" signature="()" line-rate="1" branch-rate="1" complexity="1">
              <lines>
                <line number="24" hits="148" branch="False" />
              </lines>
            </method>
            <method name="get_RegionId" signature="()" line-rate="1" branch-rate="1" complexity="1">
              <lines>
                <line number="25" hits="110" branch="False" />
              </lines>
            </method>
            <method name="get_Department" signature="()" line-rate="1" branch-rate="1" complexity="1">
              <lines>
                <line number="26" hits="6" branch="False" />
              </lines>
            </method>
            <method name="get_Role" signature="()" line-rate="1" branch-rate="1" complexity="1">
              <lines>
                <line number="27" hits="135" branch="False" />
              </lines>
            </method>
            <method name="get_IsActive" signature="()" line-rate="1" branch-rate="1" complexity="1">
              <lines>
                <line number="28" hits="156" branch="False" />
              </lines>
            </method>
            <method name="get_Profile" signature="()" line-rate="1" branch-rate="1" complexity="1">
              <lines>
                <line number="30" hits="3" branch="False" />
              </lines>
            </method>
            <method name=".ctor" signature="(System.String,System.String,System.String,System.String,System.String,System.String,StoreOps.Api.Modules.Staff.StaffRole,System.Boolean)" line-rate="1" branch-rate="1" complexity="1">
              <lines>
[...]
            <method name="get_RelativePath" signature="()" line-rate="1" branch-rate="1" complexity="1">
              <lines>
                <line number="60" hits="7" branch="False" />
              </lines>
            </method>
            <method name="get_Module" signature="()" line-rate="1" branch-rate="1" complexity="1">
              <lines>
                <line number="63" hits="1570" branch="False" />
              </lines>
            </method>
            <method name="get_Layer" signature="()" line-rate="1" branch-rate="1" complexity="1">
              <lines>
                <line number="65" hits="402" branch="False" />
              </lines>
            </method>
            <method name="get_Lines" signature="()" line-rate="1" branch-rate="1" complexity="1">
              <lines>
                <line number="68" hits="7" branch="False" />
              </lines>
            </method>
            <method name="get_CodeLines" signature="()" line-rate="1" branch-rate="1" complexity="1">
              <lines>
                <line number="71" hits="1470418" branch="False" />
              </lines>
            </method>
            <method name="get_DeclaredTypes" signature="()" line-rate="1" branch-rate="1" complexity="1">
              <lines>
                <line number="74" hits="536" branch="False" />
              </lines>
            </method>
            <method name="get_IsModule" signature="()" line-rate="1" branch-rate="1" complexity="4">
              <lines>
                <line number="76" hits="268" branch="True" condition-coverage="100% (4/4)">
                  <conditions>
                    <condition number="18" type="jump" coverage="100%" />
                    <condition number="31" type="jump" coverage="100%" />
                  </conditions>
                </line>
              </lines>
            </method>
            <method name="Load" signature="(System.String,System.String)" line-rate="1" branch-rate="1" complexity="1">
              <lines>
                <line number="80" hits="134" branch="False" />
                <line number="81" hits="134" branch="False" />
                <line number="82" hits="134" branch="False" />
                <line number="83" hits="134" branch="False" />
                <line number="84" hits="134" branch="False" />
                <line number="86" hits="134" branch="False" />
                <line number="87" hits="134" branch="False" />
                <line number="89" hits="134" branch="False" />
                <line number="90" hits="134" branch="False" />
                <line number="91" hits="224" branch="False" />
                <line number="92" hits="134" branch="False" />
                <line number="93" hits="134" branch="False" />
                <line number="95" hits="134" branch="False" />
                <line number="96" hits="134" branch="False" />
              </lines>
            </method>
            <method name="StripComments" signature="(System.String[])" line-rate="1" branch-rate="1" complexity="24">
              <lines>
                <line number="102" hits="134" branch="False" />
                <line number="103" hits="134" branch="False" />
                <line number="104" hits="134" branch="False" />
                <line number="106" hits="15774" branch="True" condition-coverage="100% (2/2)">
                  <conditions>
                    <condition number="288" type="jump" coverage="100%" />
                  </conditions>
                </line>
                <line number="107" hits="7753" branch="False" />
                <line number="108" hits="7753" branch="False" />
                <line number="109" hits="7753" branch="False" />
                <line number="111" hits="441132" branch="True" condition-coverage="100% (2/2)">
                  <conditions>
                    <condition number="258" type="jump" coverage="100%" />
                  </conditions>
                </line>
                <line number="112" hits="213831" branch="False" />
                <line number="113" hits="213831" branch="True" condition-coverage="100% (2/2)">
                  <conditions>
                    <condition number="51" type="jump" coverage="100%" />
                  </conditions>
                </line>
                <line number="114" hits="2788" branch="False" />
                <line number="115" hits="2788" branch="True" condition-coverage="100% (6/6)">
                  <conditions>
                    <condition number="64" type="jump" coverage="100%" />
                    <condition number="76" type="jump" coverage="100%" />
                    <condition number="99" type="jump" coverage="100%" />
                  </conditions>
                </line>
                <line number="116" hits="8" branch="False" />
                <line number="117" hits="8" branch="False" />
                <line number="118" hits="8" branch="False" />
                <line number="119" hits="8" branch="False" />
                <line number="121" hits="2788" branch="False" />
                <line number="124" hits="211043" branch="True" condition-coverage="100% (6/6)">
                  <conditions>
                    <condition number="123" type="jump" coverage="100%" />
                    <condition number="135" type="jump" coverage="100%" />
                    <condition number="158" type="jump" coverage="100%" />
                  </conditions>
                </line>
                <line number="125" hits="1018" branch="False" />
                <line number="126" hits="1018" branch="False" />
                <line number="129" hits="210025" branch="True" condition-coverage="100% (6/6)">
                  <conditions>
                    <condition number="173" type="jump" coverage="100%" />
                    <condition number="185" type="jump" coverage="100%" />
                    <condition number="208" type="jump" coverage="100%" />
                  </conditions>
                </line>
                <line number="130" hits="8" branch="False" />
                <line number="131" hits="8" branch="False" />
                <line number="132" hits="8" branch="False" />
                <line number="133" hits="8" branch="False" />
                <line number="136" hits="210017" branch="False" />
                <line number="137" hits="210017" branch="False" />
                <line number="139" hits="7753" branch="False" />
                <line number="140" hits="7753" branch="False" />
                <line number="142" hits="134" branch="False" />
                <line number="143" hits="134" branch="False" />
              </lines>
            </method>
            <method name="ResolveModule" signature="(System.String)" line-rate="1" branch-rate="1" complexity="6">
              <lines>
                <line number="146" hits="134" branch="False" />
                <line number="147" hits="134" branch="False" />
                <line number="149" hits="496" branch="True" condition-coverage="100% (2/2)">
                  <conditions>
                    <condition number="94" type="jump" coverage="100%" />
                  </conditions>
                </line>
                <line number="150" hits="246" branch="False" />
                <line number="151" hits="246" branch="True" condition-coverage="100% (2/2)">
                  <conditions>
                    <condition number="32" type="jump" coverage="100%" />
                  </conditions>
                </line>
                <line number="152" hits="105" branch="False" />
                <line number="153" hits="105" branch="False" />
                <line number="156" hits="141" branch="True" condition-coverage="100% (2/2)">
                  <conditions>
                    <condition number="66" type="jump" coverage="100%" />
                  </conditions>
                </line>
                <line number="157" hits="27" branch="False" />
                <line number="158" hits="27" branch="False" />
                <line number="160" hits="114" branch="False" />
                <line number="162" hits="2" branch="False" />
                <line number="163" hits="134" branch="False" />
              </lines>
            </method>
            <method name="ResolveLayer" signature="(System.String)" line-rate="1" branch-rate="1" complexity="6">
              <lines>
                <line number="166" hits="134" branch="False" />
                <line number="167" hits="134" branch="True" condition-coverage="100% (2/2)">
                  <conditions>
                    <condition number="15" type="jump" coverage="100%" />
                  </conditions>
                </line>
                <line number="168" hits="7" branch="False" />
                <line number="169" hits="7" branch="False" />
                <line number="172" hits="127" branch="True" condition-coverage="100% (2/2)">
                  <conditions>
                    <condition number="36" type="jump" coverage="100%" />
                  </conditions>
                </line>
                <line number="173" hits="23" branch="False" />
                <line number="174" hits="23" branch="False" />
                <line number="178" hits="104" branch="True" condition-coverage="100% (2/2)">
                  <conditions>
                    <condition number="57" type="jump" coverage="100%" />
                  </conditions>
                </line>
                <line number="179" hits="36" branch="False" />
                <line number="180" hits="36" branch="False" />
                <line number="183" hits="68" branch="False" />
                <line number="184" hits="134" branch="False" />
              </lines>
            </method>
            <method name=".ctor" signature="(System.String,System.String,System.String,StoreOps.ArchCheck.SourceLayer,System.String[],System.String[])" line-rate="1" branch-rate="1" complexity="1">
              <lines>
                <line number="42" hits="134" branch="False" />
                <line number="43" hits="134" branch="False" />
                <line number="44" hits="134" branch="False" />
                <line number="45" hits="134" branch="False" />
                <line number="46" hits="134" branch="False" />
                <line number="47" hits="134" branch="False" />
                <line number="48" hits="134" branch="False" />
                <line number="49" hits="134" branch="False" />
                <line number="50" hits="134" branch="False" />
                <line number="51" hits="134" branch="False" />
                <line number="52" hits="134" branch="False" />
                <line number="53" hits="134" branch="False" />
                <line number="54" hits="134" branch="False" />
                <line number="55" hits="134" branch="False" />
                <line number="56" hits="134" branch="False" />
              </lines>
            </method>
            <method name=".cctor" signature="()" line-rate="1" branch-rate="1" complexity="1">
              <lines>
                <line number="32" hits="1" branch="False" />
                <line number="33" hits="1" branch="False" />
                <line number="34" hits="1" branch="False" />
              </lines>
            </method>
          </methods>
          <lines>
            <line number="58" hits="0" branch="False" />
            <line number="60" hits="7" branch="False" />
            <line number="63" hits="1570" branch="False" />
            <line number="65" hits="402" branch="False" />
            <line number="68" hits="7" branch="False" />
            <line number="71" hits="1470418" branch="False" />
            <line number="74" hits="536" branch="False" />
            <line number="76" hits="268" branch="True" condition-coverage="100% (4/4)">
              <conditions>
                <condition number="18" type="jump" coverage="100%" />
                <condition number="31" type="jump" coverage="100%" />
              </conditions>
            </line>
            <line number="80" hits="134" branch="False" />
            <line number="81" hits="134" branch="False" />
            <line number="82" hits="134" branch="False" />
            <line number="83" hits="134" branch="False" />
            <line number="84" hits="134" branch="False" />
            <line number="86" hits="134" branch="False" />
            <line number="87" hits="134" branch="False" />
            <line number="89" hits="134" branch="False" />
            <line number="90" hits="134" branch="False" />
            <line number="91" hits="224" branch="False" />
            <line number="92" hits="134" branch="False" />
            <line number="93" hits="134" branch="False" />
            <line number="95" hits="134" branch="False" />
            <line number="96" hits="134" branch="False" />
            <line number="102" hits="134" branch="False" />
            <line number="103" hits="134" branch="False" />
            <line number="104" hits="134" branch="False" />
            <line number="106" hits="15774" branch="True" condition-coverage="100% (2/2)">
              <conditions>
                <condition number="288" type="jump" coverage="100%" />
              </conditions>
            </line>
            <line number="107" hits="7753" branch="False" />
            <line number="108" hits="7753" branch="False" />
            <line number="109" hits="7753" branch="False" />
            <line number="111" hits="441132" branch="True" condition-coverage="100% (2/2)">
              <conditions>
                <condition number="258" type="jump" coverage="100%" />
              </conditions>
            </line>
            <line number="112" hits="213831" branch="False" />
            <line number="113" hits="213831" branch="True" condition-coverage="100% (2/2)">
              <conditions>
                <condition number="51" type="jump" coverage="100%" />
              </conditions>
            </line>
            <line number="114" hits="2788" branch="False" />
            <line number="115" hits="2788" branch="True" condition-coverage="100% (6/6)">
              <conditions>
                <condition number="64" type="jump" coverage="100%" />
                <condition number="76" type="jump" coverage="100%" />
                <condition number="99" type="jump" coverage="100%" />
              </conditions>
            </line>
            <line number="116" hits="8" branch="False" />
            <line number="117" hits="8" branch="False" />
            <line number="118" hits="8" branch="False" />
            <line number="119" hits="8" branch="False" />
            <line number="121" hits="2788" branch="False" />
            <line number="124" hits="211043" branch="True" condition-coverage="100% (6/6)">
              <conditions>
                <condition number="123" type="jump" coverage="100%" />
                <condition number="135" type="jump" coverage="100%" />
                <condition number="158" type="jump" coverage="100%" />
              </conditions>
            </line>
            <line number="125" hits="1018" branch="False" />
            <line number="126" hits="1018" branch="False" />
            <line number="129" hits="210025" branch="True" condition-coverage="100% (6/6)">
              <conditions>
                <condition number="173" type="jump" coverage="100%" />
                <condition number="185" type="jump" coverage="100%" />
                <condition number="208" type="jump" coverage="100%" />
              </conditions>
            </line>
            <line number="130" hits="8" branch="False" />
            <line number="131" hits="8" branch="False" />
            <line number="132" hits="8" branch="False" />
            <line number="133" hits="8" branch="False" />
            <line number="136" hits="210017" branch="False" />
            <line number="137" hits="210017" branch="False" />
            <line number="139" hits="7753" branch="False" />
            <line number="140" hits="7753" branch="False" />
            <line number="142" hits="134" branch="False" />
            <line number="143" hits="134" branch="False" />
            <line number="146" hits="134" branch="False" />
            <line number="147" hits="134" branch="False" />
            <line number="149" hits="496" branch="True" condition-coverage="100% (2/2)">
              <conditions>
                <condition number="94" type="jump" coverage="100%" />
              </conditions>
            </line>
            <line number="150" hits="246" branch="False" />
            <line number="151" hits="246" branch="True" condition-coverage="100% (2/2)">
              <conditions>
                <condition number="32" type="jump" coverage="100%" />
              </conditions>
            </line>
            <line number="152" hits="105" branch="False" />
            <line number="153" hits="105" branch="False" />
            <line number="156" hits="141" branch="True" condition-coverage="100% (2/2)">
              <conditions>
                <condition number="66" type="jump" coverage="100%" />
              </conditions>
            </line>
            <line number="157" hits="27" branch="False" />
            <line number="158" hits="27" branch="False" />
            <line number="160" hits="114" branch="False" />
            <line number="162" hits="2" branch="False" />
            <line number="163" hits="134" branch="False" />
            <line number="166" hits="134" branch="False" />
            <line number="167" hits="134" branch="True" condition-coverage="100% (2/2)">
              <conditions>
                <condition number="15" type="jump" coverage="100%" />
              </conditions>
            </line>
            <line number="168" hits="7" branch="False" />
            <line number="169" hits="7" branch="False" />
            <line number="172" hits="127" branch="True" condition-coverage="100% (2/2)">
              <conditions>
                <condition number="36" type="jump" coverage="100%" />
              </conditions>
            </line>
            <line number="173" hits="23" branch="False" />
            <line number="174" hits="23" branch="False" />
            <line number="178" hits="104" branch="True" condition-coverage="100% (2/2)">
              <conditions>
                <condition number="57" type="jump" coverage="100%" />
              </conditions>
            </line>
            <line number="179" hits="36" branch="False" />
            <line number="180" hits="36" branch="False" />
            <line number="183" hits="68" branch="False" />
            <line number="184" hits="134" branch="False" />
            <line number="42" hits="134" branch="False" />
            <line number="43" hits="134" branch="False" />
            <line number="44" hits="134" branch="False" />
            <line number="45" hits="134" branch="False" />
            <line number="46" hits="134" branch="False" />
            <line number="47" hits="134" branch="False" />
            <line number="48" hits="134" branch="False" />
            <line number="49" hits="134" branch="False" />
            <line number="50" hits="134" branch="False" />
            <line number="51" hits="134" branch="False" />
            <line number="52" hits="134" branch="False" />
            <line number="53" hits="134" branch="False" />
            <line number="54" hits="134" branch="False" />
            <line number="55" hits="134" branch="False" />
            <line number="56" hits="134" branch="False" />
            <line number="32" hits="1" branch="False" />
            <line number="33" hits="1" branch="False" />
            <line number="34" hits="1" branch="False" />
          </lines>
        </class>
      </classes>
    </package>
  </packages>
</coverage>